0 info it worked if it ends with ok
1 verbose cli [ '/usr/local/bin/node', '/usr/local/bin/npm', 'link' ]
2 info using npm@3.8.6
3 info using node@v8.2.1
4 verbose linkPkg /Users/Amy/Sites/netease/preact-template
5 silly gentlyRm /usr/local/lib/node_modules/preact-template is being purged
6 verbose gentlyRm don't care about contents; nuking /usr/local/lib/node_modules/preact-template
7 silly vacuum-fs purging /usr/local/lib/node_modules/preact-template
8 silly vacuum-fs quitting because other entries in /usr/local/lib/node_modules
9 verbose link build target /usr/local/lib/node_modules/preact-template
10 silly loadCurrentTree Starting
11 silly install loadCurrentTree
12 silly install readLocalPackageData
13 silly install normalizeTree
14 silly loadCurrentTree Finishing
15 silly loadIdealTree Starting
16 silly install loadIdealTree
17 silly cloneCurrentTree Starting
18 silly install cloneCurrentTreeToIdealTree
19 silly cloneCurrentTree Finishing
20 silly loadShrinkwrap Starting
21 silly install loadShrinkwrap
22 silly loadShrinkwrap Finishing
23 silly loadAllDepsIntoIdealTree Starting
24 silly install loadAllDepsIntoIdealTree
25 silly fetchOtherPackageData newsapp-share@git+https://g.hz.netease.com/mf2e/newsapp-share
26 silly cache add args [ 'newsapp-share@git+https://g.hz.netease.com/mf2e/newsapp-share',
26 silly cache add   null ]
27 verbose cache add spec newsapp-share@git+https://g.hz.netease.com/mf2e/newsapp-share
28 silly cache add parsed spec Result {
28 silly cache add   raw: 'newsapp-share@git+https://g.hz.netease.com/mf2e/newsapp-share',
28 silly cache add   scope: null,
28 silly cache add   name: 'newsapp-share',
28 silly cache add   rawSpec: 'git+https://g.hz.netease.com/mf2e/newsapp-share',
28 silly cache add   spec: 'https://g.hz.netease.com/mf2e/newsapp-share',
28 silly cache add   type: 'git' }
29 verbose addRemoteGit caching git+https://g.hz.netease.com/mf2e/newsapp-share
30 silly tryClone cloning git+https://g.hz.netease.com/mf2e/newsapp-share via git+https://g.hz.netease.com/mf2e/newsapp-share
31 verbose tryClone git-https-g-hz-netease-com-mf2e-newsapp-share-557ffa18 not in flight; caching
32 verbose correctMkdir /Users/Amy/.npm/_git-remotes correctMkdir not in flight; initializing
33 info git [ 'clone',
33 info git   '--template=/Users/Amy/.npm/_git-remotes/_templates',
33 info git   '--mirror',
33 info git   'https://g.hz.netease.com/mf2e/newsapp-share',
33 info git   '/Users/Amy/.npm/_git-remotes/git-https-g-hz-netease-com-mf2e-newsapp-share-557ffa18' ]
34 error git clone --template=/Users/Amy/.npm/_git-remotes/_templates --mirror https://g.hz.netease.com/mf2e/newsapp-share /Users/Amy/.npm/_git-remotes/git-https-g-hz-netease-com-mf2e-newsapp-share-557ffa18: Cloning into bare repository '/Users/Amy/.npm/_git-remotes/git-https-g-hz-netease-com-mf2e-newsapp-share-557ffa18'...
34 error git clone --template=/Users/Amy/.npm/_git-remotes/_templates --mirror https://g.hz.netease.com/mf2e/newsapp-share /Users/Amy/.npm/_git-remotes/git-https-g-hz-netease-com-mf2e-newsapp-share-557ffa18: fatal: unable to update url base from redirection:
34 error git clone --template=/Users/Amy/.npm/_git-remotes/_templates --mirror https://g.hz.netease.com/mf2e/newsapp-share /Users/Amy/.npm/_git-remotes/git-https-g-hz-netease-com-mf2e-newsapp-share-557ffa18:   asked for: https://g.hz.netease.com/mf2e/newsapp-share/info/refs?service=git-upload-pack
34 error git clone --template=/Users/Amy/.npm/_git-remotes/_templates --mirror https://g.hz.netease.com/mf2e/newsapp-share /Users/Amy/.npm/_git-remotes/git-https-g-hz-netease-com-mf2e-newsapp-share-557ffa18:    redirect: https://g.hz.netease.com/users/sign_in
35 silly fetchPackageMetaData Error: Command failed: git clone --template=/Users/Amy/.npm/_git-remotes/_templates --mirror https://g.hz.netease.com/mf2e/newsapp-share /Users/Amy/.npm/_git-remotes/git-https-g-hz-netease-com-mf2e-newsapp-share-557ffa18
35 silly fetchPackageMetaData Cloning into bare repository '/Users/Amy/.npm/_git-remotes/git-https-g-hz-netease-com-mf2e-newsapp-share-557ffa18'...
35 silly fetchPackageMetaData fatal: unable to update url base from redirection:
35 silly fetchPackageMetaData   asked for: https://g.hz.netease.com/mf2e/newsapp-share/info/refs?service=git-upload-pack
35 silly fetchPackageMetaData    redirect: https://g.hz.netease.com/users/sign_in
35 silly fetchPackageMetaData
35 silly fetchPackageMetaData     at ChildProcess.exithandler (child_process.js:270:12)
35 silly fetchPackageMetaData     at emitTwo (events.js:125:13)
35 silly fetchPackageMetaData     at ChildProcess.emit (events.js:213:7)
35 silly fetchPackageMetaData     at maybeClose (internal/child_process.js:921:16)
35 silly fetchPackageMetaData     at Socket.stream.socket.on (internal/child_process.js:348:11)
35 silly fetchPackageMetaData     at emitOne (events.js:115:13)
35 silly fetchPackageMetaData     at Socket.emit (events.js:210:7)
35 silly fetchPackageMetaData     at Pipe._handle.close [as _onclose] (net.js:549:12)
35 silly fetchPackageMetaData  error for newsapp-share@git+https://g.hz.netease.com/mf2e/newsapp-share { Error: Command failed: git clone --template=/Users/Amy/.npm/_git-remotes/_templates --mirror https://g.hz.netease.com/mf2e/newsapp-share /Users/Amy/.npm/_git-remotes/git-https-g-hz-netease-com-mf2e-newsapp-share-557ffa18
35 silly fetchPackageMetaData Cloning into bare repository '/Users/Amy/.npm/_git-remotes/git-https-g-hz-netease-com-mf2e-newsapp-share-557ffa18'...
35 silly fetchPackageMetaData fatal: unable to update url base from redirection:
35 silly fetchPackageMetaData   asked for: https://g.hz.netease.com/mf2e/newsapp-share/info/refs?service=git-upload-pack
35 silly fetchPackageMetaData    redirect: https://g.hz.netease.com/users/sign_in
35 silly fetchPackageMetaData
35 silly fetchPackageMetaData     at ChildProcess.exithandler (child_process.js:270:12)
35 silly fetchPackageMetaData     at emitTwo (events.js:125:13)
35 silly fetchPackageMetaData     at ChildProcess.emit (events.js:213:7)
35 silly fetchPackageMetaData     at maybeClose (internal/child_process.js:921:16)
35 silly fetchPackageMetaData     at Socket.stream.socket.on (internal/child_process.js:348:11)
35 silly fetchPackageMetaData     at emitOne (events.js:115:13)
35 silly fetchPackageMetaData     at Socket.emit (events.js:210:7)
35 silly fetchPackageMetaData     at Pipe._handle.close [as _onclose] (net.js:549:12)
35 silly fetchPackageMetaData   killed: false,
35 silly fetchPackageMetaData   code: 128,
35 silly fetchPackageMetaData   signal: null,
35 silly fetchPackageMetaData   cmd: 'git clone --template=/Users/Amy/.npm/_git-remotes/_templates --mirror https://g.hz.netease.com/mf2e/newsapp-share /Users/Amy/.npm/_git-remotes/git-https-g-hz-netease-com-mf2e-newsapp-share-557ffa18' }
36 silly rollbackFailedOptional Starting
37 silly rollbackFailedOptional Finishing
38 silly runTopLevelLifecycles Starting
39 silly runTopLevelLifecycles Finishing
40 silly install printInstalled
41 verbose stack Error: Command failed: git clone --template=/Users/Amy/.npm/_git-remotes/_templates --mirror https://g.hz.netease.com/mf2e/newsapp-share /Users/Amy/.npm/_git-remotes/git-https-g-hz-netease-com-mf2e-newsapp-share-557ffa18
41 verbose stack Cloning into bare repository '/Users/Amy/.npm/_git-remotes/git-https-g-hz-netease-com-mf2e-newsapp-share-557ffa18'...
41 verbose stack fatal: unable to update url base from redirection:
41 verbose stack   asked for: https://g.hz.netease.com/mf2e/newsapp-share/info/refs?service=git-upload-pack
41 verbose stack    redirect: https://g.hz.netease.com/users/sign_in
41 verbose stack
41 verbose stack     at ChildProcess.exithandler (child_process.js:270:12)
41 verbose stack     at emitTwo (events.js:125:13)
41 verbose stack     at ChildProcess.emit (events.js:213:7)
41 verbose stack     at maybeClose (internal/child_process.js:921:16)
41 verbose stack     at Socket.stream.socket.on (internal/child_process.js:348:11)
41 verbose stack     at emitOne (events.js:115:13)
41 verbose stack     at Socket.emit (events.js:210:7)
41 verbose stack     at Pipe._handle.close [as _onclose] (net.js:549:12)
42 verbose cwd /Users/Amy/Sites/netease/preact-template
43 error Darwin 16.7.0
44 error argv "/usr/local/bin/node" "/usr/local/bin/npm" "link"
45 error node v8.2.1
46 error npm  v3.8.6
47 error code 128
48 error Command failed: git clone --template=/Users/Amy/.npm/_git-remotes/_templates --mirror https://g.hz.netease.com/mf2e/newsapp-share /Users/Amy/.npm/_git-remotes/git-https-g-hz-netease-com-mf2e-newsapp-share-557ffa18
48 error Cloning into bare repository '/Users/Amy/.npm/_git-remotes/git-https-g-hz-netease-com-mf2e-newsapp-share-557ffa18'...
48 error fatal: unable to update url base from redirection:
48 error   asked for: https://g.hz.netease.com/mf2e/newsapp-share/info/refs?service=git-upload-pack
48 error    redirect: https://g.hz.netease.com/users/sign_in
49 error If you need help, you may report this error at:
49 error     <https://github.com/npm/npm/issues>
50 verbose exit [ 1, true ]
